mktextfm KaiTi_GB2312
mktextfm KaiTi_GB2312/B
mktextfm KaiTi_GB2312
mktextfm KaiTi_GB2312
mktextfm KaiTi_GB2312/OT
mktextfm KaiTi_GB2312/B/OT
mktextfm KaiTi_GB2312/OT
mktextfm KaiTi_GB2312/OT
mktextfm KaiTi_GB2312/OT
mktextfm KaiTi_GB2312/B/OT
mktextfm KaiTi_GB2312/OT
mktextfm KaiTi_GB2312/OT
mktextfm KaiTi_GB2312/OT
mktextfm KaiTi_GB2312/B/OT
mktextfm KaiTi_GB2312/OT
mktextfm KaiTi_GB2312/OT
mktextfm GB2312/OT
mktextfm GB2312/B/OT
mktextfm GB2312/OT
mktextfm GB2312/OT
mktextfm _zh-cn
mktextfm _zh-cn
mktextfm _zh-cn
